<?xml version="1.0" encoding="UTF-8"?>
<!DOCTYPE suite SYSTEM "https://testng.org/testng-1.0.dtd" >
<suite name="Suite1" verbose="1" >
    <test name="TestAccessingMysql" >
        <classes>
            <class name = "com.example.accessingdatabasemysql.AccessingDatabaseMysqlApplicationTests" />
        </classes>
    </test>
    <test name="TestAccessingMysql_Mock" >
        <classes>
            <class name = "com.example.accessingdatabasemysql.AccessingMockMvcTests" />
        </classes>
    </test>
</suite>